<?xml version="1.0" encoding="UTF-8"?>
<testsuite xmlns:xsi="http://www.w3.org/2001/XMLSchema-instance" xsi:noNamespaceSchemaLocation="https://maven.apache.org/surefire/maven-surefire-plugin/xsd/surefire-test-report-3.0.xsd" version="3.0" name="TestSuite" time="11.526" tests="2" errors="0" skipped="0" failures="0">
  <properties>
    <property name="sun.desktop" value="gnome"/>
    <property name="awt.toolkit" value="sun.awt.X11.XToolkit"/>
    <property name="file.encoding.pkg" value="sun.io"/>
    <property name="java.specification.version" value="1.8"/>
    <property name="webdriver.chrome.driver" value="/home/sanvar/.cache/selenium/chromedriver/linux64/93.0.4577.63/chromedriver"/>
    <property name="sun.cpu.isalist" value=""/>
    <property name="sun.jnu.encoding" value="UTF-8"/>
    <property name="java.class.path" value="/home/sanvar/workspaceSelenium/E2EProject/target/test-classes:/home/sanvar/workspaceSelenium/E2EProject/target/classes:/home/sanvar/.m2/repository/junit/junit/3.8.1/junit-3.8.1.jar:/home/sanvar/.m2/repository/org/seleniumhq/selenium/selenium-java/3.141.59/selenium-java-3.141.59.jar:/home/sanvar/.m2/repository/org/seleniumhq/selenium/selenium-api/3.141.59/selenium-api-3.141.59.jar:/home/sanvar/.m2/repository/org/seleniumhq/selenium/selenium-chrome-driver/3.141.59/selenium-chrome-driver-3.141.59.jar:/home/sanvar/.m2/repository/org/seleniumhq/selenium/selenium-edge-driver/3.141.59/selenium-edge-driver-3.141.59.jar:/home/sanvar/.m2/repository/org/seleniumhq/selenium/selenium-firefox-driver/3.141.59/selenium-firefox-driver-3.141.59.jar:/home/sanvar/.m2/repository/org/seleniumhq/selenium/selenium-ie-driver/3.141.59/selenium-ie-driver-3.141.59.jar:/home/sanvar/.m2/repository/org/seleniumhq/selenium/selenium-opera-driver/3.141.59/selenium-opera-driver-3.141.59.jar:/home/sanvar/.m2/repository/org/seleniumhq/selenium/selenium-remote-driver/3.141.59/selenium-remote-driver-3.141.59.jar:/home/sanvar/.m2/repository/org/seleniumhq/selenium/selenium-safari-driver/3.141.59/selenium-safari-driver-3.141.59.jar:/home/sanvar/.m2/repository/org/seleniumhq/selenium/selenium-support/3.141.59/selenium-support-3.141.59.jar:/home/sanvar/.m2/repository/net/bytebuddy/byte-buddy/1.8.15/byte-buddy-1.8.15.jar:/home/sanvar/.m2/repository/org/apache/commons/commons-exec/1.3/commons-exec-1.3.jar:/home/sanvar/.m2/repository/com/google/guava/guava/25.0-jre/guava-25.0-jre.jar:/home/sanvar/.m2/repository/com/google/code/findbugs/jsr305/1.3.9/jsr305-1.3.9.jar:/home/sanvar/.m2/repository/org/checkerframework/checker-compat-qual/2.0.0/checker-compat-qual-2.0.0.jar:/home/sanvar/.m2/repository/com/google/errorprone/error_prone_annotations/2.1.3/error_prone_annotations-2.1.3.jar:/home/sanvar/.m2/repository/com/google/j2objc/j2objc-annotations/1.1/j2objc-annotations-1.1.jar:/home/sanvar/.m2/repository/org/codehaus/mojo/animal-sniffer-annotations/1.14/animal-sniffer-annotations-1.14.jar:/home/sanvar/.m2/repository/com/squareup/okhttp3/okhttp/3.11.0/okhttp-3.11.0.jar:/home/sanvar/.m2/repository/com/squareup/okio/okio/1.14.0/okio-1.14.0.jar:/home/sanvar/.m2/repository/org/testng/testng/7.4.0/testng-7.4.0.jar:/home/sanvar/.m2/repository/com/beust/jcommander/1.78/jcommander-1.78.jar:/home/sanvar/.m2/repository/org/webjars/jquery/3.5.1/jquery-3.5.1.jar:/home/sanvar/.m2/repository/io/github/bonigarcia/webdrivermanager/5.0.3/webdrivermanager-5.0.3.jar:/home/sanvar/.m2/repository/org/slf4j/slf4j-api/1.7.32/slf4j-api-1.7.32.jar:/home/sanvar/.m2/repository/com/google/code/gson/gson/2.8.8/gson-2.8.8.jar:/home/sanvar/.m2/repository/org/jsoup/jsoup/1.14.2/jsoup-1.14.2.jar:/home/sanvar/.m2/repository/com/github/docker-java/docker-java/3.2.12/docker-java-3.2.12.jar:/home/sanvar/.m2/repository/com/github/docker-java/docker-java-core/3.2.12/docker-java-core-3.2.12.jar:/home/sanvar/.m2/repository/com/github/docker-java/docker-java-api/3.2.12/docker-java-api-3.2.12.jar:/home/sanvar/.m2/repository/com/fasterxml/jackson/core/jackson-annotations/2.10.3/jackson-annotations-2.10.3.jar:/home/sanvar/.m2/repository/commons-io/commons-io/2.6/commons-io-2.6.jar:/home/sanvar/.m2/repository/org/apache/commons/commons-compress/1.21/commons-compress-1.21.jar:/home/sanvar/.m2/repository/commons-lang/commons-lang/2.6/commons-lang-2.6.jar:/home/sanvar/.m2/repository/com/fasterxml/jackson/core/jackson-databind/2.10.3/jackson-databind-2.10.3.jar:/home/sanvar/.m2/repository/com/fasterxml/jackson/core/jackson-core/2.10.3/jackson-core-2.10.3.jar:/home/sanvar/.m2/repository/org/bouncycastle/bcpkix-jdk15on/1.64/bcpkix-jdk15on-1.64.jar:/home/sanvar/.m2/repository/org/bouncycastle/bcprov-jdk15on/1.64/bcprov-jdk15on-1.64.jar:/home/sanvar/.m2/repository/org/slf4j/jcl-over-slf4j/1.7.30/jcl-over-slf4j-1.7.30.jar:/home/sanvar/.m2/repository/com/github/docker-java/docker-java-transport-httpclient5/3.2.12/docker-java-transport-httpclient5-3.2.12.jar:/home/sanvar/.m2/repository/com/github/docker-java/docker-java-transport/3.2.12/docker-java-transport-3.2.12.jar:/home/sanvar/.m2/repository/org/apache/httpcomponents/client5/httpclient5/5.0.3/httpclient5-5.0.3.jar:/home/sanvar/.m2/repository/org/apache/httpcomponents/core5/httpcore5/5.0.2/httpcore5-5.0.2.jar:/home/sanvar/.m2/repository/commons-codec/commons-codec/1.13/commons-codec-1.13.jar:/home/sanvar/.m2/repository/net/java/dev/jna/jna/5.8.0/jna-5.8.0.jar:/home/sanvar/.m2/repository/org/brotli/dec/0.1.2/dec-0.1.2.jar:/home/sanvar/.m2/repository/org/apache/logging/log4j/log4j-api/2.14.1/log4j-api-2.14.1.jar:/home/sanvar/.m2/repository/org/apache/logging/log4j/log4j-core/2.14.1/log4j-core-2.14.1.jar:"/>
    <property name="java.vm.vendor" value="Oracle Corporation"/>
    <property name="sun.arch.data.model" value="64"/>
    <property name="java.vendor.url" value="http://java.oracle.com/"/>
    <property name="user.timezone" value="Asia/Kolkata"/>
    <property name="java.vm.specification.version" value="1.8"/>
    <property name="os.name" value="Linux"/>
    <property name="user.country" value="IN"/>
    <property name="sun.java.launcher" value="SUN_STANDARD"/>
    <property name="sun.boot.library.path" value="/opt/jdk/jdk1.8.0_101/jre/lib/amd64"/>
    <property name="sun.java.command" value="/home/sanvar/workspaceSelenium/E2EProject/target/surefire/surefirebooter5914701605518089856.jar /home/sanvar/workspaceSelenium/E2EProject/target/surefire 2021-10-19T10-00-21_505-jvmRun1 surefire3011657924122792574tmp surefire_04838671826630168943tmp"/>
    <property name="surefire.test.class.path" value="/home/sanvar/workspaceSelenium/E2EProject/target/test-classes:/home/sanvar/workspaceSelenium/E2EProject/target/classes:/home/sanvar/.m2/repository/junit/junit/3.8.1/junit-3.8.1.jar:/home/sanvar/.m2/repository/org/seleniumhq/selenium/selenium-java/3.141.59/selenium-java-3.141.59.jar:/home/sanvar/.m2/repository/org/seleniumhq/selenium/selenium-api/3.141.59/selenium-api-3.141.59.jar:/home/sanvar/.m2/repository/org/seleniumhq/selenium/selenium-chrome-driver/3.141.59/selenium-chrome-driver-3.141.59.jar:/home/sanvar/.m2/repository/org/seleniumhq/selenium/selenium-edge-driver/3.141.59/selenium-edge-driver-3.141.59.jar:/home/sanvar/.m2/repository/org/seleniumhq/selenium/selenium-firefox-driver/3.141.59/selenium-firefox-driver-3.141.59.jar:/home/sanvar/.m2/repository/org/seleniumhq/selenium/selenium-ie-driver/3.141.59/selenium-ie-driver-3.141.59.jar:/home/sanvar/.m2/repository/org/seleniumhq/selenium/selenium-opera-driver/3.141.59/selenium-opera-driver-3.141.59.jar:/home/sanvar/.m2/repository/org/seleniumhq/selenium/selenium-remote-driver/3.141.59/selenium-remote-driver-3.141.59.jar:/home/sanvar/.m2/repository/org/seleniumhq/selenium/selenium-safari-driver/3.141.59/selenium-safari-driver-3.141.59.jar:/home/sanvar/.m2/repository/org/seleniumhq/selenium/selenium-support/3.141.59/selenium-support-3.141.59.jar:/home/sanvar/.m2/repository/net/bytebuddy/byte-buddy/1.8.15/byte-buddy-1.8.15.jar:/home/sanvar/.m2/repository/org/apache/commons/commons-exec/1.3/commons-exec-1.3.jar:/home/sanvar/.m2/repository/com/google/guava/guava/25.0-jre/guava-25.0-jre.jar:/home/sanvar/.m2/repository/com/google/code/findbugs/jsr305/1.3.9/jsr305-1.3.9.jar:/home/sanvar/.m2/repository/org/checkerframework/checker-compat-qual/2.0.0/checker-compat-qual-2.0.0.jar:/home/sanvar/.m2/repository/com/google/errorprone/error_prone_annotations/2.1.3/error_prone_annotations-2.1.3.jar:/home/sanvar/.m2/repository/com/google/j2objc/j2objc-annotations/1.1/j2objc-annotations-1.1.jar:/home/sanvar/.m2/repository/org/codehaus/mojo/animal-sniffer-annotations/1.14/animal-sniffer-annotations-1.14.jar:/home/sanvar/.m2/repository/com/squareup/okhttp3/okhttp/3.11.0/okhttp-3.11.0.jar:/home/sanvar/.m2/repository/com/squareup/okio/okio/1.14.0/okio-1.14.0.jar:/home/sanvar/.m2/repository/org/testng/testng/7.4.0/testng-7.4.0.jar:/home/sanvar/.m2/repository/com/beust/jcommander/1.78/jcommander-1.78.jar:/home/sanvar/.m2/repository/org/webjars/jquery/3.5.1/jquery-3.5.1.jar:/home/sanvar/.m2/repository/io/github/bonigarcia/webdrivermanager/5.0.3/webdrivermanager-5.0.3.jar:/home/sanvar/.m2/repository/org/slf4j/slf4j-api/1.7.32/slf4j-api-1.7.32.jar:/home/sanvar/.m2/repository/com/google/code/gson/gson/2.8.8/gson-2.8.8.jar:/home/sanvar/.m2/repository/org/jsoup/jsoup/1.14.2/jsoup-1.14.2.jar:/home/sanvar/.m2/repository/com/github/docker-java/docker-java/3.2.12/docker-java-3.2.12.jar:/home/sanvar/.m2/repository/com/github/docker-java/docker-java-core/3.2.12/docker-java-core-3.2.12.jar:/home/sanvar/.m2/repository/com/github/docker-java/docker-java-api/3.2.12/docker-java-api-3.2.12.jar:/home/sanvar/.m2/repository/com/fasterxml/jackson/core/jackson-annotations/2.10.3/jackson-annotations-2.10.3.jar:/home/sanvar/.m2/repository/commons-io/commons-io/2.6/commons-io-2.6.jar:/home/sanvar/.m2/repository/org/apache/commons/commons-compress/1.21/commons-compress-1.21.jar:/home/sanvar/.m2/repository/commons-lang/commons-lang/2.6/commons-lang-2.6.jar:/home/sanvar/.m2/repository/com/fasterxml/jackson/core/jackson-databind/2.10.3/jackson-databind-2.10.3.jar:/home/sanvar/.m2/repository/com/fasterxml/jackson/core/jackson-core/2.10.3/jackson-core-2.10.3.jar:/home/sanvar/.m2/repository/org/bouncycastle/bcpkix-jdk15on/1.64/bcpkix-jdk15on-1.64.jar:/home/sanvar/.m2/repository/org/bouncycastle/bcprov-jdk15on/1.64/bcprov-jdk15on-1.64.jar:/home/sanvar/.m2/repository/org/slf4j/jcl-over-slf4j/1.7.30/jcl-over-slf4j-1.7.30.jar:/home/sanvar/.m2/repository/com/github/docker-java/docker-java-transport-httpclient5/3.2.12/docker-java-transport-httpclient5-3.2.12.jar:/home/sanvar/.m2/repository/com/github/docker-java/docker-java-transport/3.2.12/docker-java-transport-3.2.12.jar:/home/sanvar/.m2/repository/org/apache/httpcomponents/client5/httpclient5/5.0.3/httpclient5-5.0.3.jar:/home/sanvar/.m2/repository/org/apache/httpcomponents/core5/httpcore5/5.0.2/httpcore5-5.0.2.jar:/home/sanvar/.m2/repository/commons-codec/commons-codec/1.13/commons-codec-1.13.jar:/home/sanvar/.m2/repository/net/java/dev/jna/jna/5.8.0/jna-5.8.0.jar:/home/sanvar/.m2/repository/org/brotli/dec/0.1.2/dec-0.1.2.jar:/home/sanvar/.m2/repository/org/apache/logging/log4j/log4j-api/2.14.1/log4j-api-2.14.1.jar:/home/sanvar/.m2/repository/org/apache/logging/log4j/log4j-core/2.14.1/log4j-core-2.14.1.jar:"/>
    <property name="sun.cpu.endian" value="little"/>
    <property name="user.home" value="/home/sanvar"/>
    <property name="user.language" value="en"/>
    <property name="java.specification.vendor" value="Oracle Corporation"/>
    <property name="java.home" value="/opt/jdk/jdk1.8.0_101/jre"/>
    <property name="basedir" value="/home/sanvar/workspaceSelenium/E2EProject"/>
    <property name="file.separator" value="/"/>
    <property name="line.separator" value="&#10;"/>
    <property name="java.vm.specification.vendor" value="Oracle Corporation"/>
    <property name="java.specification.name" value="Java Platform API Specification"/>
    <property name="java.awt.graphicsenv" value="sun.awt.X11GraphicsEnvironment"/>
    <property name="surefire.real.class.path" value="/home/sanvar/workspaceSelenium/E2EProject/target/surefire/surefirebooter5914701605518089856.jar"/>
    <property name="sun.boot.class.path" value="/opt/jdk/jdk1.8.0_101/jre/lib/resources.jar:/opt/jdk/jdk1.8.0_101/jre/lib/rt.jar:/opt/jdk/jdk1.8.0_101/jre/lib/sunrsasign.jar:/opt/jdk/jdk1.8.0_101/jre/lib/jsse.jar:/opt/jdk/jdk1.8.0_101/jre/lib/jce.jar:/opt/jdk/jdk1.8.0_101/jre/lib/charsets.jar:/opt/jdk/jdk1.8.0_101/jre/lib/jfr.jar:/opt/jdk/jdk1.8.0_101/jre/classes"/>
    <property name="sun.management.compiler" value="HotSpot 64-Bit Tiered Compilers"/>
    <property name="java.runtime.version" value="1.8.0_101-b13"/>
    <property name="user.name" value="sanvar"/>
    <property name="path.separator" value=":"/>
    <property name="os.version" value="4.15.0-142-generic"/>
    <property name="java.endorsed.dirs" value="/opt/jdk/jdk1.8.0_101/jre/lib/endorsed"/>
    <property name="java.runtime.name" value="Java(TM) SE Runtime Environment"/>
    <property name="file.encoding" value="UTF-8"/>
    <property name="java.vm.name" value="Java HotSpot(TM) 64-Bit Server VM"/>
    <property name="localRepository" value="/home/sanvar/.m2/repository"/>
    <property name="java.vendor.url.bug" value="http://bugreport.sun.com/bugreport/"/>
    <property name="java.io.tmpdir" value="/tmp"/>
    <property name="java.version" value="1.8.0_101"/>
    <property name="user.dir" value="/home/sanvar/workspaceSelenium/E2EProject"/>
    <property name="os.arch" value="amd64"/>
    <property name="java.vm.specification.name" value="Java Virtual Machine Specification"/>
    <property name="java.awt.printerjob" value="sun.print.PSPrinterJob"/>
    <property name="sun.os.patch.level" value="unknown"/>
    <property name="java.library.path" value="/usr/java/packages/lib/amd64:/usr/lib64:/lib64:/lib:/usr/lib"/>
    <property name="java.vm.info" value="mixed mode"/>
    <property name="java.vendor" value="Oracle Corporation"/>
    <property name="java.vm.version" value="25.101-b13"/>
    <property name="java.ext.dirs" value="/opt/jdk/jdk1.8.0_101/jre/lib/ext:/usr/java/packages/lib/ext"/>
    <property name="sun.io.unicode.encoding" value="UnicodeLittle"/>
    <property name="java.class.version" value="52.0"/>
  </properties>
  <testcase name="login[gourav@metamagics.com, Hello](1)" classname="MVNProject.E2EProject.HomePageTest" time="1.702">
    <system-err><![CDATA[SLF4J: Failed to load class "org.slf4j.impl.StaticLoggerBinder".
SLF4J: Defaulting to no-operation (NOP) logger implementation
SLF4J: See http://www.slf4j.org/codes.html#StaticLoggerBinder for further details.
Starting ChromeDriver 93.0.4577.63 (ff5c0da2ec0adeaed5550e6c7e98417dac77d98a-refs/branch-heads/4577@{#1135}) on port 10138
Only local connections are allowed.
Please see https://chromedriver.chromium.org/security-considerations for suggestions on keeping ChromeDriver safe.
ChromeDriver was started successfully.
Oct 19, 2021 10:00:27 AM org.openqa.selenium.remote.ProtocolHandshake createSession
INFO: Detected dialect: W3C
]]></system-err>
  </testcase>
  <testcase name="login[gourav1@metamagics.com, Hello](2)" classname="MVNProject.E2EProject.HomePageTest" time="0.425"/>
</testsuite>