<?xml version="1.0" encoding="UTF-8"?>
<!-- Generated by org.testng.reporters.JUnitReportReporter -->
<testsuite skipped="0" hostname="COMP3" name="MVNProject.E2EProject.HomePageTest" tests="2" failures="0" timestamp="23 Oct 2021 03:57:01 GMT" time="4.919" errors="0">
  <testcase name="login" time="4.048" classname="MVNProject.E2EProject.HomePageTest"/>
  <testcase name="login" time="0.871" classname="MVNProject.E2EProject.HomePageTest"/>
</testsuite> <!-- MVNProject.E2EProject.HomePageTest -->
