<?xml version="1.0" encoding="UTF-8"?>
<!-- Generated by org.testng.reporters.JUnitReportReporter -->
<testsuite skipped="0" hostname="COMP3" name="MVNProject.E2EProject.ReportingTool" tests="1" failures="0" timestamp="21 Oct 2021 02:23:47 GMT" time="3.491" errors="0">
  <testcase name="extentreport" time="3.491" classname="MVNProject.E2EProject.ReportingTool"/>
</testsuite> <!-- MVNProject.E2EProject.ReportingTool -->
