<?xml version="1.0" encoding="UTF-8"?>
<!-- Generated by org.testng.reporters.JUnitReportReporter -->
<testsuite hostname="DESKTOP-F4931HD" failures="0" tests="2" name="MVNProject.E2EProject.HomePageTest" time="2.219" errors="0" timestamp="2024-08-24T10:39:12 IST" skipped="0">
  <testcase classname="MVNProject.E2EProject.HomePageTest" name="login" time="0.448"/>
  <system-out/>
  <testcase classname="MVNProject.E2EProject.HomePageTest" name="login" time="1.771"/>
  <system-out/>
</testsuite> <!-- MVNProject.E2EProject.HomePageTest -->
