<?xml version="1.0" encoding="UTF-8"?>
<!-- Generated by org.testng.reporters.JUnitReportReporter -->
<testsuite skipped="0" hostname="COMP3" name="MVNProject.E2EProject.HomePageTest" tests="2" failures="0" timestamp="2021-10-19T10:00:34 IST" time="2.148" errors="0">
  <testcase name="login" time="1.720" classname="MVNProject.E2EProject.HomePageTest"/>
  <system-out/>
  <testcase name="login" time="0.428" classname="MVNProject.E2EProject.HomePageTest"/>
  <system-out/>
</testsuite> <!-- MVNProject.E2EProject.HomePageTest -->
